{
  "stats": {
    "suites": 2,
    "tests": 2,
    "passes": 2,
    "pending": 0,
    "failures": 0,
    "start": "2022-08-25T22:07:28.051Z",
    "end": "2022-08-25T22:07:40.721Z",
    "duration": 12670,
    "testsRegistered": 2,
    "passPercent": 100,
    "pendingPercent": 0,
    "other": 0,
    "hasOther": false,
    "skipped": 0,
    "hasSkipped": false
  },
  "results": [
    {
      "uuid": "d2d94543-63bf-497c-ab48-d55bc5abb436",
      "title": "",
      "fullFile": "",
      "file": "",
      "beforeHooks": [],
      "afterHooks": [],
      "tests": [],
      "suites": [
        {
          "uuid": "abfd52b5-b719-4447-92ff-d6eecf8af781",
          "title": "Test scenario 1",
          "fullFile": "C:\\Users\\Gronek\\Documents\\SmartFrame\\SmartFrame\\test\\scenario1.spec.js",
          "file": "\\test\\scenario1.spec.js",
          "beforeHooks": [],
          "afterHooks": [],
          "tests": [
            {
              "title": "Opens SmartFrame 1, hovers over the SmartFrame, checks if the caption is correctly displayed, clicks on the icon in the top-left-hand corner and expects the layer to open",
              "fullTitle": "Test scenario 1 Opens SmartFrame 1, hovers over the SmartFrame, checks if the caption is correctly displayed, clicks on the icon in the top-left-hand corner and expects the layer to open",
              "timedOut": false,
              "duration": 5056,
              "state": "passed",
              "speed": "slow",
              "pass": true,
              "fail": false,
              "pending": false,
              "context": null,
              "code": "let driver = await new Builder().forBrowser(\"chrome\").build();\nawait driver.get(\"https://smartitnow.blogspot.com/p/e.html\");\nconst hoverable = driver.findElement(By.className(\"float-container\"));\nconst actions = driver.actions({\n  async: true,\n});\nawait actions\n  .move({\n    origin: hoverable,\n  })\n  .perform();\nawait driver\n  .switchTo()\n  .frame(driver.findElement(By.className(\"smartframe-embed\")));\nawait driver.sleep(1000);\nconst actualText = await driver\n  .findElement(By.className(\"caption-wrapper\"))\n  .getText()\n  .then(function (value) {\n    return value;\n  });\nassert.strictEqual(actualText, expectedText);\nawait driver.findElement(By.className(\"action-buttons__caption\")).click();\nawait driver.sleep(1000);\nconst isLayerOpen = await driver\n  .findElement(By.className(\"hide-copyright\"))\n  .isDisplayed();\nassert.strictEqual(isLayerOpen, true);\nawait driver.quit();",
              "err": {},
              "uuid": "90028ec0-b9c0-4d23-b159-c7fad6b5b64d",
              "parentUUID": "abfd52b5-b719-4447-92ff-d6eecf8af781",
              "isHook": false,
              "skipped": false
            }
          ],
          "suites": [],
          "passes": [
            "90028ec0-b9c0-4d23-b159-c7fad6b5b64d"
          ],
          "failures": [],
          "pending": [],
          "skipped": [],
          "duration": 5056,
          "root": false,
          "rootEmpty": false,
          "_timeout": 0
        },
        {
          "uuid": "2e0be65c-86c2-461c-b917-9ec76d9a0fef",
          "title": "Test scenario 2",
          "fullFile": "C:\\Users\\Gronek\\Documents\\SmartFrame\\SmartFrame\\test\\scenario2.spec.js",
          "file": "\\test\\scenario2.spec.js",
          "beforeHooks": [],
          "afterHooks": [],
          "tests": [
            {
              "title": "Opens SmartFrame 2, hovers over the SmartFrame, checks if the share button is displayed correctly, clicks on the icon in the top-left-hand corner and expects to get redirected",
              "fullTitle": "Test scenario 2 Opens SmartFrame 2, hovers over the SmartFrame, checks if the share button is displayed correctly, clicks on the icon in the top-left-hand corner and expects to get redirected",
              "timedOut": false,
              "duration": 7604,
              "state": "passed",
              "speed": "slow",
              "pass": true,
              "fail": false,
              "pending": false,
              "context": null,
              "code": "let driver = await new Builder().forBrowser(\"chrome\").build();\nawait driver.get(\"https://smartitnow.blogspot.com/p/w.html\");\nconst hoverable = driver.findElement(By.className(\"float-container\"));\nconst actions = driver.actions({\n  async: true,\n});\nawait actions\n  .move({\n    origin: hoverable,\n  })\n  .perform();\nawait driver.sleep(1000);\nconst actualText = await driver\n  .findElement(\n    By.xpath(\n      \"//*[@id='post-body-4144740677389794309']/smart-frame/div[1]/div[4]/div[2]/div[2]/a[1]/span\"\n    )\n  )\n  .getText()\n  .then(function (value) {\n    return value;\n  });\nassert.strictEqual(actualText, expectedText);\nawait driver\n  .findElement(\n    By.xpath(\n      \"//*[@id='post-body-4144740677389794309']/smart-frame/div[1]/div[4]/div[2]/div[1]/a\"\n    )\n  )\n  .click();\nlet tabs = await driver.getAllWindowHandles();\nlet url = await driver.switchTo().window(tabs[1]);\nactualUrl = await driver.getCurrentUrl();\nassert.strictEqual(actualUrl, expectedUrl);\nawait driver.quit();",
              "err": {},
              "uuid": "8f290772-dc28-4785-98f9-fbdfccde8f7a",
              "parentUUID": "2e0be65c-86c2-461c-b917-9ec76d9a0fef",
              "isHook": false,
              "skipped": false
            }
          ],
          "suites": [],
          "passes": [
            "8f290772-dc28-4785-98f9-fbdfccde8f7a"
          ],
          "failures": [],
          "pending": [],
          "skipped": [],
          "duration": 7604,
          "root": false,
          "rootEmpty": false,
          "_timeout": 0
        }
      ],
      "passes": [],
      "failures": [],
      "pending": [],
      "skipped": [],
      "duration": 0,
      "root": true,
      "rootEmpty": true,
      "_timeout": 0
    }
  ],
  "meta": {
    "mocha": {
      "version": "10.0.0"
    },
    "mochawesome": {
      "options": {
        "quiet": false,
        "reportFilename": "test-report",
        "saveHtml": true,
        "saveJson": true,
        "consoleReporter": "spec",
        "useInlineDiffs": false,
        "code": true
      },
      "version": "7.1.3"
    },
    "marge": {
      "options": {
        "reportDir": "test-reports",
        "reportFilename": "test-report"
      },
      "version": "6.2.0"
    }
  }
}