{
  "stats": {
    "suites": 2,
    "tests": 2,
    "passes": 2,
    "pending": 0,
    "failures": 0,
    "start": "2022-08-26T17:11:45.908Z",
    "end": "2022-08-26T17:12:00.867Z",
    "duration": 14959,
    "testsRegistered": 2,
    "passPercent": 100,
    "pendingPercent": 0,
    "other": 0,
    "hasOther": false,
    "skipped": 0,
    "hasSkipped": false
  },
  "results": [
    {
      "uuid": "759a5016-4479-45c7-90f7-ca4707f1e9fb",
      "title": "",
      "fullFile": "",
      "file": "",
      "beforeHooks": [],
      "afterHooks": [],
      "tests": [],
      "suites": [
        {
          "uuid": "9336fa84-d0d8-498c-9edb-03c6973bffcf",
          "title": "Test scenario 1",
          "fullFile": "C:\\Users\\Gronek\\Documents\\SmartFrame\\SmartFrame\\test\\scenario1.spec.js",
          "file": "\\test\\scenario1.spec.js",
          "beforeHooks": [],
          "afterHooks": [],
          "tests": [
            {
              "title": "Opens SmartFrame 1, hovers over the SmartFrame, checks if the caption is correctly displayed, clicks on the icon in the top-left-hand corner and expects the layer to open",
              "fullTitle": "Test scenario 1 Opens SmartFrame 1, hovers over the SmartFrame, checks if the caption is correctly displayed, clicks on the icon in the top-left-hand corner and expects the layer to open",
              "timedOut": false,
              "duration": 5969,
              "state": "passed",
              "speed": "slow",
              "pass": true,
              "fail": false,
              "pending": false,
              "context": null,
              "code": "let driver = await new Builder().forBrowser(\"chrome\").build();\nawait driver.get(\"https://smartitnow.blogspot.com/p/e.html\");\nconst hoverable = driver.findElement(By.className(\"float-container\"));\nconst actions = driver.actions({\n  async: true,\n});\nawait actions\n  .move({\n    origin: hoverable,\n  })\n  .perform();\nawait driver\n  .switchTo()\n  .frame(driver.findElement(By.className(\"smartframe-embed\")));\nawait driver.sleep(2000);\nconst actualText = await driver\n  .findElement(By.className(\"caption-wrapper\"))\n  .getText()\n  .then(function (value) {\n    return value;\n  });\nassert.strictEqual(actualText, expectedText);\nawait driver.findElement(By.className(\"action-buttons__caption\")).click();\nawait driver.sleep(2000);\nconst isLayerOpen = await driver\n  .findElement(By.className(\"hide-copyright\"))\n  .isDisplayed();\nassert.strictEqual(isLayerOpen, true);\nawait driver.quit();",
              "err": {},
              "uuid": "cdf1afb9-f8dd-4522-b491-1b0baffc59a3",
              "parentUUID": "9336fa84-d0d8-498c-9edb-03c6973bffcf",
              "isHook": false,
              "skipped": false
            }
          ],
          "suites": [],
          "passes": [
            "cdf1afb9-f8dd-4522-b491-1b0baffc59a3"
          ],
          "failures": [],
          "pending": [],
          "skipped": [],
          "duration": 5969,
          "root": false,
          "rootEmpty": false,
          "_timeout": 0
        },
        {
          "uuid": "f080c6df-d744-43da-ad8c-87b6470cfc3c",
          "title": "Test scenario 2",
          "fullFile": "C:\\Users\\Gronek\\Documents\\SmartFrame\\SmartFrame\\test\\scenario2.spec.js",
          "file": "\\test\\scenario2.spec.js",
          "beforeHooks": [],
          "afterHooks": [],
          "tests": [
            {
              "title": "Opens SmartFrame 2, hovers over the SmartFrame, checks if the share button is displayed correctly, clicks on the icon in the top-left-hand corner and expects to get redirected",
              "fullTitle": "Test scenario 2 Opens SmartFrame 2, hovers over the SmartFrame, checks if the share button is displayed correctly, clicks on the icon in the top-left-hand corner and expects to get redirected",
              "timedOut": false,
              "duration": 8972,
              "state": "passed",
              "speed": "slow",
              "pass": true,
              "fail": false,
              "pending": false,
              "context": null,
              "code": "let driver = await new Builder().forBrowser(\"chrome\").build();\nawait driver.get(\"https://smartitnow.blogspot.com/p/w.html\");\nconst hoverable = driver.findElement(By.className(\"float-container\"));\nconst actions = driver.actions({\n  async: true,\n});\nawait actions\n  .move({\n    origin: hoverable,\n  })\n  .perform();\nawait driver.sleep(2000);\nconst actualText = await driver\n  .findElement(\n    By.xpath(\n      \"//*[@id='post-body-4144740677389794309']/smart-frame/div[1]/div[4]/div[2]/div[2]/a[1]/span\"\n    )\n  )\n  .getText()\n  .then(function (value) {\n    return value;\n  });\nconst expectedText = \"SHARE\";\nassert.strictEqual(actualText, expectedText);\nawait driver\n  .findElement(\n    By.xpath(\n      \"//*[@id='post-body-4144740677389794309']/smart-frame/div[1]/div[4]/div[2]/div[1]/a\"\n    )\n  )\n  .click();\nconst tabs = await driver.getAllWindowHandles();\nawait driver.switchTo().window(tabs[1]);\nactualUrl = await driver.getCurrentUrl();\nconst expectedUrl = \"https://smartframe.io/\";\nassert.strictEqual(actualUrl, expectedUrl);\nawait driver.quit();",
              "err": {},
              "uuid": "95167c82-5e19-4853-b258-5113aa535d46",
              "parentUUID": "f080c6df-d744-43da-ad8c-87b6470cfc3c",
              "isHook": false,
              "skipped": false
            }
          ],
          "suites": [],
          "passes": [
            "95167c82-5e19-4853-b258-5113aa535d46"
          ],
          "failures": [],
          "pending": [],
          "skipped": [],
          "duration": 8972,
          "root": false,
          "rootEmpty": false,
          "_timeout": 0
        }
      ],
      "passes": [],
      "failures": [],
      "pending": [],
      "skipped": [],
      "duration": 0,
      "root": true,
      "rootEmpty": true,
      "_timeout": 0
    }
  ],
  "meta": {
    "mocha": {
      "version": "10.0.0"
    },
    "mochawesome": {
      "options": {
        "quiet": false,
        "reportFilename": "test-report",
        "saveHtml": true,
        "saveJson": true,
        "consoleReporter": "spec",
        "useInlineDiffs": false,
        "code": true
      },
      "version": "7.1.3"
    },
    "marge": {
      "options": {
        "reportDir": "test-reports",
        "reportFilename": "test-report"
      },
      "version": "6.2.0"
    }
  }
}